<?xml version="1.0" encoding="UTF-8"?>
<testsuites name="jest tests" tests="9" failures="0" errors="0" time="0.887">
  <testsuite name="undefined" errors="0" failures="0" skipped="0" timestamp="2024-11-29T17:48:08" time="0.835" tests="9">
    <testcase classname=" testing form submission" name=" testing form submission" time="0.061">
    </testcase>
    <testcase classname=" testing validateNameInput() blank name input" name=" testing validateNameInput() blank name input" time="0.005">
    </testcase>
    <testcase classname=" testing validateNameInput() valid name input" name=" testing validateNameInput() valid name input" time="0.004">
    </testcase>
    <testcase classname=" testing validateAmountInput() blank amount input" name=" testing validateAmountInput() blank amount input" time="0.006">
    </testcase>
    <testcase classname=" testing validateAmountInput() negative amount value" name=" testing validateAmountInput() negative amount value" time="0.004">
    </testcase>
    <testcase classname=" testing validateAmountInput() valid amount input" name=" testing validateAmountInput() valid amount input" time="0.003">
    </testcase>
    <testcase classname=" testing validateDateInput() blank date input" name=" testing validateDateInput() blank date input" time="0.004">
    </testcase>
    <testcase classname=" testing validateDateInput() blank date input" name=" testing validateDateInput() blank date input" time="0.003">
    </testcase>
    <testcase classname=" testing collectData() saves data passed into it in a dictionary" name=" testing collectData() saves data passed into it in a dictionary" time="0.001">
    </testcase>
  </testsuite>
</testsuites>